[2023-05-02 16:35:17,924] multiqc                                            [DEBUG  ]  This is MultiQC v1.11
[2023-05-02 16:35:17,924] multiqc                                            [DEBUG  ]  No MultiQC config found: /hpc/capacity/SAGC/workflows/smk-qc/1.1.0/.snakemake/conda/758a07e0db175874a1182dab8a74f62e/lib/python3.9/site-packages/multiqc_config.yaml
[2023-05-02 16:35:17,929] multiqc                                            [DEBUG  ]  No MultiQC config found: /homes/daniel.thomson/.multiqc_config.yaml
[2023-05-02 16:35:17,929] multiqc                                            [DEBUG  ]  No MultiQC config found: multiqc_config.yaml
[2023-05-02 16:35:17,930] multiqc                                            [DEBUG  ]  Found command line config: {'max_table_rows': 10000}
[2023-05-02 16:35:17,930] multiqc                                            [DEBUG  ]  New config 'max_table_rows': 10000
[2023-05-02 16:35:17,930] multiqc                                            [DEBUG  ]  Command used: /hpc/capacity/SAGC/workflows/smk-qc/1.1.0/.snakemake/conda/758a07e0db175874a1182dab8a74f62e/bin/multiqc /cancer/storage/SAGC/fastq/SAGCQA0635/QC-results/fastqc/AGRF_CAGRF230414406_HCNYTDRX3/23-00584_HCNYTDRX3_CACTACGAAA-ATCAGTCTAA_L001_R1_fastqc.zip /cancer/storage/SAGC/fastq/SAGCQA0635/QC-results/fastqc/AGRF_CAGRF230414406_HCNYTDRX3/23-00585_HCNYTDRX3_ATTTACCGCA-CTTTATTGTC_L002_R1_fastqc.html /cancer/storage/SAGC/fastq/SAGCQA0635/QC-results/fastqc/AGRF_CAGRF230414406_HCNYTDRX3/23-00584_HCNYTDRX3_CACTACGAAA-ATCAGTCTAA_L002_R1_fastqc.html /cancer/storage/SAGC/fastq/SAGCQA0635/QC-results/fastqc/AGRF_CAGRF230414406_HCNYTDRX3/23-00585_HCNYTDRX3_ATTTACCGCA-CTTTATTGTC_L001_R1_fastqc.html /cancer/storage/SAGC/fastq/SAGCQA0635/QC-results/fastqc/AGRF_CAGRF230414406_HCNYTDRX3/23-00584_HCNYTDRX3_CACTACGAAA-ATCAGTCTAA_L001_R1_fastqc.html /cancer/storage/SAGC/fastq/SAGCQA0635/QC-results/fastqc/AGRF_CAGRF230414406_HCNYTDRX3/23-00585_HCNYTDRX3_ATTTACCGCA-CTTTATTGTC_L002_R1_fastqc.zip /cancer/storage/SAGC/fastq/SAGCQA0635/QC-results/fastqc/AGRF_CAGRF230414406_HCNYTDRX3/23-00584_HCNYTDRX3_CACTACGAAA-ATCAGTCTAA_L002_R1_fastqc.zip /cancer/storage/SAGC/fastq/SAGCQA0635/QC-results/fastqc/AGRF_CAGRF230414406_HCNYTDRX3/23-00585_HCNYTDRX3_ATTTACCGCA-CTTTATTGTC_L001_R1_fastqc.zip --force --filename /cancer/storage/SAGC/fastq/SAGCQA0635/QC-results/multiqc_report.html --cl_config {max_table_rows: 10000}
[2023-05-02 16:35:18,758] multiqc                                            [WARNING]  MultiQC Version v1.14 now available!
[2023-05-02 16:35:18,761] multiqc                                            [DEBUG  ]  Command     : /hpc/capacity/SAGC/workflows/smk-qc/1.1.0/.snakemake/conda/758a07e0db175874a1182dab8a74f62e/bin/multiqc /cancer/storage/SAGC/fastq/SAGCQA0635/QC-results/fastqc/AGRF_CAGRF230414406_HCNYTDRX3/23-00584_HCNYTDRX3_CACTACGAAA-ATCAGTCTAA_L001_R1_fastqc.zip /cancer/storage/SAGC/fastq/SAGCQA0635/QC-results/fastqc/AGRF_CAGRF230414406_HCNYTDRX3/23-00585_HCNYTDRX3_ATTTACCGCA-CTTTATTGTC_L002_R1_fastqc.html /cancer/storage/SAGC/fastq/SAGCQA0635/QC-results/fastqc/AGRF_CAGRF230414406_HCNYTDRX3/23-00584_HCNYTDRX3_CACTACGAAA-ATCAGTCTAA_L002_R1_fastqc.html /cancer/storage/SAGC/fastq/SAGCQA0635/QC-results/fastqc/AGRF_CAGRF230414406_HCNYTDRX3/23-00585_HCNYTDRX3_ATTTACCGCA-CTTTATTGTC_L001_R1_fastqc.html /cancer/storage/SAGC/fastq/SAGCQA0635/QC-results/fastqc/AGRF_CAGRF230414406_HCNYTDRX3/23-00584_HCNYTDRX3_CACTACGAAA-ATCAGTCTAA_L001_R1_fastqc.html /cancer/storage/SAGC/fastq/SAGCQA0635/QC-results/fastqc/AGRF_CAGRF230414406_HCNYTDRX3/23-00585_HCNYTDRX3_ATTTACCGCA-CTTTATTGTC_L002_R1_fastqc.zip /cancer/storage/SAGC/fastq/SAGCQA0635/QC-results/fastqc/AGRF_CAGRF230414406_HCNYTDRX3/23-00584_HCNYTDRX3_CACTACGAAA-ATCAGTCTAA_L002_R1_fastqc.zip /cancer/storage/SAGC/fastq/SAGCQA0635/QC-results/fastqc/AGRF_CAGRF230414406_HCNYTDRX3/23-00585_HCNYTDRX3_ATTTACCGCA-CTTTATTGTC_L001_R1_fastqc.zip --force --filename /cancer/storage/SAGC/fastq/SAGCQA0635/QC-results/multiqc_report.html --cl_config {max_table_rows: 10000}
[2023-05-02 16:35:18,761] multiqc                                            [DEBUG  ]  Working dir : /hpc/capacity/SAGC/workflows/smk-qc/1.1.0
[2023-05-02 16:35:18,761] multiqc                                            [DEBUG  ]  Template    : default
[2023-05-02 16:35:18,761] multiqc                                            [DEBUG  ]  Running Python 3.9.2 | packaged by conda-forge | (default, Feb 21 2021, 05:02:46)  [GCC 9.3.0]
[2023-05-02 16:35:18,762] multiqc                                            [DEBUG  ]  Analysing modules: custom_content, ccs, ngsderive, purple, conpair, lima, peddy, somalier, methylQA, mosdepth, phantompeakqualtools, qualimap, preseq, quast, qorts, rna_seqc, rockhopper, rsem, rseqc, busco, bustools, goleft_indexcov, gffcompare, disambiguate, supernova, deeptools, sargasso, verifybamid, mirtrace, happy, mirtop, sambamba, homer, hops, macs2, theta2, snpeff, gatk, htseq, bcftools, featureCounts, fgbio, dragen, dedup, damageprofiler, biobambam2, jcvi, mtnucratio, picard, vep, sentieon, prokka, qc3C, nanostat, samblaster, samtools, sexdeterrmine, eigenstratdatabasetools, bamtools, jellyfish, vcftools, longranger, stacks, varscan2, snippy, bbmap, bismark, biscuit, hicexplorer, hicup, hicpro, salmon, kallisto, slamdunk, star, hisat2, tophat, bowtie2, bowtie1, snpsplit, odgi, pangolin, kat, leehom, adapterRemoval, clipandmerge, cutadapt, flexbar, kaiju, kraken, malt, trimmomatic, sickle, skewer, sortmerna, biobloomtools, fastq_screen, afterqc, fastp, fastqc, pychopper, pycoqc, minionqc, multivcfanalyzer, clusterflow, bcl2fastq, bclconvert, interop, ivar, flash, seqyclean, optitype
[2023-05-02 16:35:18,763] multiqc                                            [DEBUG  ]  Using temporary directory for creating report: /tmp/tmp1j5qlcn9
[2023-05-02 16:35:19,325] multiqc                                            [INFO   ]  Search path : /cancer/storage/SAGC/fastq/SAGCQA0635/QC-results/fastqc/AGRF_CAGRF230414406_HCNYTDRX3/23-00584_HCNYTDRX3_CACTACGAAA-ATCAGTCTAA_L001_R1_fastqc.zip
[2023-05-02 16:35:19,327] multiqc                                            [INFO   ]  Search path : /cancer/storage/SAGC/fastq/SAGCQA0635/QC-results/fastqc/AGRF_CAGRF230414406_HCNYTDRX3/23-00585_HCNYTDRX3_ATTTACCGCA-CTTTATTGTC_L002_R1_fastqc.html
[2023-05-02 16:35:19,328] multiqc                                            [INFO   ]  Search path : /cancer/storage/SAGC/fastq/SAGCQA0635/QC-results/fastqc/AGRF_CAGRF230414406_HCNYTDRX3/23-00584_HCNYTDRX3_CACTACGAAA-ATCAGTCTAA_L002_R1_fastqc.html
[2023-05-02 16:35:19,329] multiqc                                            [INFO   ]  Search path : /cancer/storage/SAGC/fastq/SAGCQA0635/QC-results/fastqc/AGRF_CAGRF230414406_HCNYTDRX3/23-00585_HCNYTDRX3_ATTTACCGCA-CTTTATTGTC_L001_R1_fastqc.html
[2023-05-02 16:35:19,329] multiqc                                            [INFO   ]  Search path : /cancer/storage/SAGC/fastq/SAGCQA0635/QC-results/fastqc/AGRF_CAGRF230414406_HCNYTDRX3/23-00584_HCNYTDRX3_CACTACGAAA-ATCAGTCTAA_L001_R1_fastqc.html
[2023-05-02 16:35:19,330] multiqc                                            [INFO   ]  Search path : /cancer/storage/SAGC/fastq/SAGCQA0635/QC-results/fastqc/AGRF_CAGRF230414406_HCNYTDRX3/23-00585_HCNYTDRX3_ATTTACCGCA-CTTTATTGTC_L002_R1_fastqc.zip
[2023-05-02 16:35:19,330] multiqc                                            [INFO   ]  Search path : /cancer/storage/SAGC/fastq/SAGCQA0635/QC-results/fastqc/AGRF_CAGRF230414406_HCNYTDRX3/23-00584_HCNYTDRX3_CACTACGAAA-ATCAGTCTAA_L002_R1_fastqc.zip
[2023-05-02 16:35:19,330] multiqc                                            [INFO   ]  Search path : /cancer/storage/SAGC/fastq/SAGCQA0635/QC-results/fastqc/AGRF_CAGRF230414406_HCNYTDRX3/23-00585_HCNYTDRX3_ATTTACCGCA-CTTTATTGTC_L001_R1_fastqc.zip
[2023-05-02 16:35:19,453] multiqc                                            [DEBUG  ]  File ignored by ccs/v4 because it exceeded search pattern filesize limit: 23-00585_HCNYTDRX3_ATTTACCGCA-CTTTATTGTC_L002_R1_fastqc.html
[2023-05-02 16:35:19,501] multiqc                                            [DEBUG  ]  File ignored by hicexplorer because it exceeded search pattern filesize limit: 23-00585_HCNYTDRX3_ATTTACCGCA-CTTTATTGTC_L002_R1_fastqc.html
[2023-05-02 16:35:19,505] multiqc                                            [DEBUG  ]  File ignored by nanostat because it exceeded search pattern filesize limit: 23-00585_HCNYTDRX3_ATTTACCGCA-CTTTATTGTC_L002_R1_fastqc.html
[2023-05-02 16:35:19,505] multiqc                                            [DEBUG  ]  File ignored by lima/summary because it exceeded search pattern filesize limit: 23-00585_HCNYTDRX3_ATTTACCGCA-CTTTATTGTC_L002_R1_fastqc.html
[2023-05-02 16:35:19,592] multiqc                                            [DEBUG  ]  File ignored by vep/vep_txt because it exceeded search pattern filesize limit: 23-00585_HCNYTDRX3_ATTTACCGCA-CTTTATTGTC_L002_R1_fastqc.html
[2023-05-02 16:35:19,592] multiqc                                            [DEBUG  ]  File ignored by longranger/invocation because it exceeded search pattern filesize limit: 23-00585_HCNYTDRX3_ATTTACCGCA-CTTTATTGTC_L002_R1_fastqc.html
[2023-05-02 16:35:19,592] multiqc                                            [DEBUG  ]  File ignored by rockhopper because it exceeded search pattern filesize limit: 23-00585_HCNYTDRX3_ATTTACCGCA-CTTTATTGTC_L002_R1_fastqc.html
[2023-05-02 16:35:19,592] multiqc                                            [DEBUG  ]  File ignored by rseqc/bam_stat because it exceeded search pattern filesize limit: 23-00585_HCNYTDRX3_ATTTACCGCA-CTTTATTGTC_L002_R1_fastqc.html
[2023-05-02 16:35:19,592] multiqc                                            [DEBUG  ]  File ignored by rseqc/junction_annotation because it exceeded search pattern filesize limit: 23-00585_HCNYTDRX3_ATTTACCGCA-CTTTATTGTC_L002_R1_fastqc.html
[2023-05-02 16:35:19,592] multiqc                                            [DEBUG  ]  File ignored by rseqc/read_distribution because it exceeded search pattern filesize limit: 23-00585_HCNYTDRX3_ATTTACCGCA-CTTTATTGTC_L002_R1_fastqc.html
[2023-05-02 16:35:19,593] multiqc                                            [DEBUG  ]  File ignored by rseqc/infer_experiment because it exceeded search pattern filesize limit: 23-00585_HCNYTDRX3_ATTTACCGCA-CTTTATTGTC_L002_R1_fastqc.html
[2023-05-02 16:35:19,890] multiqc                                            [DEBUG  ]  File ignored by ccs/v4 because it exceeded search pattern filesize limit: 23-00584_HCNYTDRX3_CACTACGAAA-ATCAGTCTAA_L002_R1_fastqc.html
[2023-05-02 16:35:19,939] multiqc                                            [DEBUG  ]  File ignored by hicexplorer because it exceeded search pattern filesize limit: 23-00584_HCNYTDRX3_CACTACGAAA-ATCAGTCTAA_L002_R1_fastqc.html
[2023-05-02 16:35:19,945] multiqc                                            [DEBUG  ]  File ignored by nanostat because it exceeded search pattern filesize limit: 23-00584_HCNYTDRX3_CACTACGAAA-ATCAGTCTAA_L002_R1_fastqc.html
[2023-05-02 16:35:19,945] multiqc                                            [DEBUG  ]  File ignored by lima/summary because it exceeded search pattern filesize limit: 23-00584_HCNYTDRX3_CACTACGAAA-ATCAGTCTAA_L002_R1_fastqc.html
[2023-05-02 16:35:20,030] multiqc                                            [DEBUG  ]  File ignored by vep/vep_txt because it exceeded search pattern filesize limit: 23-00584_HCNYTDRX3_CACTACGAAA-ATCAGTCTAA_L002_R1_fastqc.html
[2023-05-02 16:35:20,030] multiqc                                            [DEBUG  ]  File ignored by longranger/invocation because it exceeded search pattern filesize limit: 23-00584_HCNYTDRX3_CACTACGAAA-ATCAGTCTAA_L002_R1_fastqc.html
[2023-05-02 16:35:20,321] multiqc                                            [DEBUG  ]  File ignored by ccs/v4 because it exceeded search pattern filesize limit: 23-00585_HCNYTDRX3_ATTTACCGCA-CTTTATTGTC_L001_R1_fastqc.html
[2023-05-02 16:35:20,366] multiqc                                            [DEBUG  ]  File ignored by hicexplorer because it exceeded search pattern filesize limit: 23-00585_HCNYTDRX3_ATTTACCGCA-CTTTATTGTC_L001_R1_fastqc.html
[2023-05-02 16:35:20,371] multiqc                                            [DEBUG  ]  File ignored by nanostat because it exceeded search pattern filesize limit: 23-00585_HCNYTDRX3_ATTTACCGCA-CTTTATTGTC_L001_R1_fastqc.html
[2023-05-02 16:35:20,371] multiqc                                            [DEBUG  ]  File ignored by lima/summary because it exceeded search pattern filesize limit: 23-00585_HCNYTDRX3_ATTTACCGCA-CTTTATTGTC_L001_R1_fastqc.html
[2023-05-02 16:35:20,454] multiqc                                            [DEBUG  ]  File ignored by vep/vep_txt because it exceeded search pattern filesize limit: 23-00585_HCNYTDRX3_ATTTACCGCA-CTTTATTGTC_L001_R1_fastqc.html
[2023-05-02 16:35:20,454] multiqc                                            [DEBUG  ]  File ignored by longranger/invocation because it exceeded search pattern filesize limit: 23-00585_HCNYTDRX3_ATTTACCGCA-CTTTATTGTC_L001_R1_fastqc.html
[2023-05-02 16:35:20,454] multiqc                                            [DEBUG  ]  File ignored by rockhopper because it exceeded search pattern filesize limit: 23-00585_HCNYTDRX3_ATTTACCGCA-CTTTATTGTC_L001_R1_fastqc.html
[2023-05-02 16:35:20,454] multiqc                                            [DEBUG  ]  File ignored by rseqc/bam_stat because it exceeded search pattern filesize limit: 23-00585_HCNYTDRX3_ATTTACCGCA-CTTTATTGTC_L001_R1_fastqc.html
[2023-05-02 16:35:20,454] multiqc                                            [DEBUG  ]  File ignored by rseqc/junction_annotation because it exceeded search pattern filesize limit: 23-00585_HCNYTDRX3_ATTTACCGCA-CTTTATTGTC_L001_R1_fastqc.html
[2023-05-02 16:35:20,455] multiqc                                            [DEBUG  ]  File ignored by rseqc/read_distribution because it exceeded search pattern filesize limit: 23-00585_HCNYTDRX3_ATTTACCGCA-CTTTATTGTC_L001_R1_fastqc.html
[2023-05-02 16:35:20,455] multiqc                                            [DEBUG  ]  File ignored by rseqc/infer_experiment because it exceeded search pattern filesize limit: 23-00585_HCNYTDRX3_ATTTACCGCA-CTTTATTGTC_L001_R1_fastqc.html
[2023-05-02 16:35:20,725] multiqc                                            [DEBUG  ]  File ignored by ccs/v4 because it exceeded search pattern filesize limit: 23-00584_HCNYTDRX3_CACTACGAAA-ATCAGTCTAA_L001_R1_fastqc.html
[2023-05-02 16:35:20,770] multiqc                                            [DEBUG  ]  File ignored by hicexplorer because it exceeded search pattern filesize limit: 23-00584_HCNYTDRX3_CACTACGAAA-ATCAGTCTAA_L001_R1_fastqc.html
[2023-05-02 16:35:20,774] multiqc                                            [DEBUG  ]  File ignored by nanostat because it exceeded search pattern filesize limit: 23-00584_HCNYTDRX3_CACTACGAAA-ATCAGTCTAA_L001_R1_fastqc.html
[2023-05-02 16:35:20,775] multiqc                                            [DEBUG  ]  File ignored by lima/summary because it exceeded search pattern filesize limit: 23-00584_HCNYTDRX3_CACTACGAAA-ATCAGTCTAA_L001_R1_fastqc.html
[2023-05-02 16:35:20,858] multiqc                                            [DEBUG  ]  File ignored by vep/vep_txt because it exceeded search pattern filesize limit: 23-00584_HCNYTDRX3_CACTACGAAA-ATCAGTCTAA_L001_R1_fastqc.html
[2023-05-02 16:35:20,859] multiqc                                            [DEBUG  ]  File ignored by longranger/invocation because it exceeded search pattern filesize limit: 23-00584_HCNYTDRX3_CACTACGAAA-ATCAGTCTAA_L001_R1_fastqc.html
[2023-05-02 16:35:20,859] multiqc                                            [DEBUG  ]  File ignored by rockhopper because it exceeded search pattern filesize limit: 23-00584_HCNYTDRX3_CACTACGAAA-ATCAGTCTAA_L001_R1_fastqc.html
[2023-05-02 16:35:20,859] multiqc                                            [DEBUG  ]  File ignored by rseqc/bam_stat because it exceeded search pattern filesize limit: 23-00584_HCNYTDRX3_CACTACGAAA-ATCAGTCTAA_L001_R1_fastqc.html
[2023-05-02 16:35:20,859] multiqc                                            [DEBUG  ]  File ignored by rseqc/junction_annotation because it exceeded search pattern filesize limit: 23-00584_HCNYTDRX3_CACTACGAAA-ATCAGTCTAA_L001_R1_fastqc.html
[2023-05-02 16:35:20,859] multiqc                                            [DEBUG  ]  File ignored by rseqc/read_distribution because it exceeded search pattern filesize limit: 23-00584_HCNYTDRX3_CACTACGAAA-ATCAGTCTAA_L001_R1_fastqc.html
[2023-05-02 16:35:20,859] multiqc                                            [DEBUG  ]  File ignored by rseqc/infer_experiment because it exceeded search pattern filesize limit: 23-00584_HCNYTDRX3_CACTACGAAA-ATCAGTCTAA_L001_R1_fastqc.html
[2023-05-02 16:35:25,508] multiqc.plots.bargraph                             [DEBUG  ]  Using matplotlib version 3.7.1
[2023-05-02 16:35:25,531] multiqc.plots.linegraph                            [DEBUG  ]  Using matplotlib version 3.7.1
[2023-05-02 16:35:25,544] multiqc                                            [DEBUG  ]  No samples found: custom_content
[2023-05-02 16:35:25,580] multiqc                                            [DEBUG  ]  No samples found: ccs
[2023-05-02 16:35:25,623] multiqc                                            [DEBUG  ]  No samples found: ngsderive
[2023-05-02 16:35:25,672] multiqc                                            [DEBUG  ]  No samples found: purple
[2023-05-02 16:35:25,691] multiqc                                            [DEBUG  ]  No samples found: conpair
[2023-05-02 16:35:25,727] multiqc                                            [DEBUG  ]  No samples found: lima
[2023-05-02 16:35:25,786] multiqc                                            [DEBUG  ]  No samples found: peddy
[2023-05-02 16:35:25,825] multiqc                                            [DEBUG  ]  No samples found: somalier
[2023-05-02 16:35:25,867] multiqc                                            [DEBUG  ]  No samples found: methylQA
[2023-05-02 16:35:25,938] multiqc.modules.mosdepth.mosdepth                  [DEBUG  ]  include_contigs: []
[2023-05-02 16:35:25,939] multiqc.modules.mosdepth.mosdepth                  [DEBUG  ]  exclude_contigs: []
[2023-05-02 16:35:25,939] multiqc                                            [DEBUG  ]  No samples found: mosdepth
[2023-05-02 16:35:25,963] multiqc                                            [DEBUG  ]  No samples found: phantompeakqualtools
[2023-05-02 16:35:25,979] multiqc                                            [DEBUG  ]  No samples found: qualimap
[2023-05-02 16:35:26,016] multiqc                                            [DEBUG  ]  No samples found: preseq
[2023-05-02 16:35:26,061] multiqc                                            [DEBUG  ]  No samples found: quast
[2023-05-02 16:35:26,097] multiqc                                            [DEBUG  ]  No samples found: qorts
[2023-05-02 16:35:26,128] multiqc                                            [DEBUG  ]  No samples found: rna_seqc
[2023-05-02 16:35:26,170] multiqc                                            [DEBUG  ]  No samples found: rockhopper
[2023-05-02 16:35:26,206] multiqc                                            [DEBUG  ]  No samples found: rsem
[2023-05-02 16:35:26,371] multiqc                                            [DEBUG  ]  No samples found: rseqc
[2023-05-02 16:35:26,394] multiqc                                            [DEBUG  ]  No samples found: busco
[2023-05-02 16:35:26,463] multiqc                                            [DEBUG  ]  No samples found: bustools
[2023-05-02 16:35:26,513] multiqc                                            [DEBUG  ]  No samples found: goleft_indexcov
[2023-05-02 16:35:26,558] multiqc                                            [DEBUG  ]  No samples found: gffcompare
[2023-05-02 16:35:26,583] multiqc                                            [DEBUG  ]  No samples found: disambiguate
[2023-05-02 16:35:26,622] multiqc                                            [DEBUG  ]  No samples found: supernova
[2023-05-02 16:35:26,839] multiqc                                            [DEBUG  ]  No samples found: deeptools
[2023-05-02 16:35:26,865] multiqc                                            [DEBUG  ]  No samples found: sargasso
[2023-05-02 16:35:26,903] multiqc                                            [DEBUG  ]  No samples found: verifybamid
[2023-05-02 16:35:26,932] multiqc                                            [DEBUG  ]  No samples found: mirtrace
[2023-05-02 16:35:26,969] multiqc                                            [DEBUG  ]  No samples found: happy
[2023-05-02 16:35:27,002] multiqc                                            [DEBUG  ]  No samples found: mirtop
[2023-05-02 16:35:27,047] multiqc                                            [DEBUG  ]  No samples found: sambamba
[2023-05-02 16:35:27,099] multiqc                                            [DEBUG  ]  No samples found: homer
[2023-05-02 16:35:27,141] multiqc                                            [DEBUG  ]  No samples found: hops
[2023-05-02 16:35:27,165] multiqc                                            [DEBUG  ]  No samples found: macs2
[2023-05-02 16:35:27,190] multiqc                                            [DEBUG  ]  No samples found: theta2
[2023-05-02 16:35:27,237] multiqc                                            [DEBUG  ]  No samples found: snpeff
[2023-05-02 16:35:27,302] multiqc                                            [DEBUG  ]  No samples found: gatk
[2023-05-02 16:35:27,330] multiqc                                            [DEBUG  ]  No samples found: htseq
[2023-05-02 16:35:27,380] multiqc                                            [DEBUG  ]  No samples found: bcftools
[2023-05-02 16:35:27,412] multiqc                                            [DEBUG  ]  No samples found: featureCounts
[2023-05-02 16:35:27,463] multiqc                                            [DEBUG  ]  No samples found: fgbio
[2023-05-02 16:35:27,603] multiqc                                            [DEBUG  ]  No samples found: dragen
[2023-05-02 16:35:27,651] multiqc                                            [DEBUG  ]  No samples found: dedup
[2023-05-02 16:35:27,698] multiqc                                            [DEBUG  ]  No samples found: damageprofiler
[2023-05-02 16:35:28,136] multiqc                                            [DEBUG  ]  No samples found: biobambam2
[2023-05-02 16:35:28,180] multiqc                                            [DEBUG  ]  No samples found: jcvi
[2023-05-02 16:35:28,201] multiqc                                            [DEBUG  ]  No samples found: mtnucratio
[2023-05-02 16:35:28,205] multiqc                                            [DEBUG  ]  No samples found: picard
[2023-05-02 16:35:28,236] multiqc                                            [DEBUG  ]  No samples found: vep
[2023-05-02 16:35:28,291] multiqc                                            [DEBUG  ]  No samples found: sentieon
[2023-05-02 16:35:28,337] multiqc                                            [DEBUG  ]  No samples found: prokka
[2023-05-02 16:35:28,384] multiqc                                            [DEBUG  ]  No samples found: qc3C
[2023-05-02 16:35:28,430] multiqc                                            [DEBUG  ]  No samples found: nanostat
[2023-05-02 16:35:28,448] multiqc                                            [DEBUG  ]  No samples found: samblaster
[2023-05-02 16:35:28,526] multiqc                                            [DEBUG  ]  No samples found: samtools
[2023-05-02 16:35:28,587] multiqc                                            [DEBUG  ]  No samples found: sexdeterrmine
[2023-05-02 16:35:28,611] multiqc                                            [DEBUG  ]  No samples found: eigenstratdatabasetools
[2023-05-02 16:35:28,636] multiqc                                            [DEBUG  ]  No samples found: bamtools
[2023-05-02 16:35:28,658] multiqc                                            [DEBUG  ]  No samples found: jellyfish
[2023-05-02 16:35:28,706] multiqc                                            [DEBUG  ]  No samples found: vcftools
[2023-05-02 16:35:28,732] multiqc                                            [DEBUG  ]  No samples found: longranger
[2023-05-02 16:35:28,769] multiqc                                            [DEBUG  ]  No samples found: stacks
[2023-05-02 16:35:28,822] multiqc                                            [DEBUG  ]  No samples found: varscan2
[2023-05-02 16:35:28,864] multiqc                                            [DEBUG  ]  No samples found: snippy
[2023-05-02 16:35:28,983] multiqc                                            [DEBUG  ]  No samples found: bbmap
[2023-05-02 16:35:29,017] multiqc                                            [DEBUG  ]  No samples found: bismark
[2023-05-02 16:35:29,059] multiqc                                            [DEBUG  ]  No samples found: biscuit
[2023-05-02 16:35:29,125] multiqc                                            [DEBUG  ]  No samples found: hicexplorer
[2023-05-02 16:35:29,176] multiqc                                            [DEBUG  ]  No samples found: hicup
[2023-05-02 16:35:29,214] multiqc                                            [DEBUG  ]  No samples found: hicpro
[2023-05-02 16:35:29,242] multiqc                                            [DEBUG  ]  No samples found: salmon
[2023-05-02 16:35:29,287] multiqc                                            [DEBUG  ]  No samples found: kallisto
[2023-05-02 16:35:29,314] multiqc                                            [DEBUG  ]  No samples found: slamdunk
[2023-05-02 16:35:29,359] multiqc                                            [DEBUG  ]  No samples found: star
[2023-05-02 16:35:29,403] multiqc                                            [DEBUG  ]  No samples found: hisat2
[2023-05-02 16:35:29,439] multiqc                                            [DEBUG  ]  No samples found: tophat
[2023-05-02 16:35:29,485] multiqc                                            [DEBUG  ]  No samples found: bowtie2
[2023-05-02 16:35:29,549] multiqc                                            [DEBUG  ]  No samples found: bowtie1
[2023-05-02 16:35:29,620] multiqc                                            [DEBUG  ]  No samples found: snpsplit
[2023-05-02 16:35:29,661] multiqc                                            [DEBUG  ]  No samples found: odgi
[2023-05-02 16:35:29,721] multiqc                                            [DEBUG  ]  No samples found: pangolin
[2023-05-02 16:35:29,750] multiqc                                            [DEBUG  ]  No samples found: kat
[2023-05-02 16:35:29,782] multiqc                                            [DEBUG  ]  No samples found: leehom
[2023-05-02 16:35:29,831] multiqc                                            [DEBUG  ]  No samples found: adapterRemoval
[2023-05-02 16:35:29,857] multiqc                                            [DEBUG  ]  No samples found: clipandmerge
[2023-05-02 16:35:29,892] multiqc                                            [DEBUG  ]  No samples found: cutadapt
[2023-05-02 16:35:29,912] multiqc                                            [DEBUG  ]  No samples found: flexbar
[2023-05-02 16:35:29,950] multiqc                                            [DEBUG  ]  No samples found: kaiju
[2023-05-02 16:35:29,996] multiqc                                            [DEBUG  ]  No samples found: kraken
[2023-05-02 16:35:30,034] multiqc                                            [DEBUG  ]  No samples found: malt
[2023-05-02 16:35:30,064] multiqc                                            [DEBUG  ]  No samples found: trimmomatic
[2023-05-02 16:35:30,099] multiqc                                            [DEBUG  ]  No samples found: sickle
[2023-05-02 16:35:30,136] multiqc                                            [DEBUG  ]  No samples found: skewer
[2023-05-02 16:35:30,165] multiqc                                            [DEBUG  ]  No samples found: sortmerna
[2023-05-02 16:35:30,183] multiqc                                            [DEBUG  ]  No samples found: biobloomtools
[2023-05-02 16:35:30,229] multiqc                                            [DEBUG  ]  No samples found: fastq_screen
[2023-05-02 16:35:30,276] multiqc                                            [DEBUG  ]  No samples found: afterqc
[2023-05-02 16:35:30,322] multiqc                                            [DEBUG  ]  No samples found: fastp
[2023-05-02 16:35:30,492] multiqc.modules.fastqc.fastqc                      [INFO   ]  Found 4 reports
[2023-05-02 16:35:30,614] multiqc                                            [DEBUG  ]  No samples found: pychopper
[2023-05-02 16:35:30,658] multiqc                                            [DEBUG  ]  No samples found: pycoqc
[2023-05-02 16:35:30,727] multiqc                                            [DEBUG  ]  No samples found: minionqc
[2023-05-02 16:35:30,772] multiqc                                            [DEBUG  ]  No samples found: multivcfanalyzer
[2023-05-02 16:35:30,878] multiqc                                            [DEBUG  ]  No samples found: clusterflow
[2023-05-02 16:35:30,935] multiqc                                            [DEBUG  ]  No samples found: bcl2fastq
[2023-05-02 16:35:30,997] multiqc                                            [DEBUG  ]  No samples found: bclconvert
[2023-05-02 16:35:31,032] multiqc                                            [DEBUG  ]  No samples found: interop
[2023-05-02 16:35:31,085] multiqc                                            [DEBUG  ]  No samples found: ivar
[2023-05-02 16:35:31,119] multiqc                                            [DEBUG  ]  No samples found: flash
[2023-05-02 16:35:31,167] multiqc                                            [DEBUG  ]  No samples found: seqyclean
[2023-05-02 16:35:31,186] multiqc                                            [DEBUG  ]  No samples found: optitype
[2023-05-02 16:35:31,192] multiqc                                            [INFO   ]  Compressing plot data
[2023-05-02 16:35:31,239] multiqc                                            [INFO   ]  Report      : ../../../../../../cancer/storage/SAGC/fastq/SAGCQA0635/QC-results/multiqc_report.html
[2023-05-02 16:35:31,241] multiqc                                            [INFO   ]  Data        : ../../../../../../cancer/storage/SAGC/fastq/SAGCQA0635/QC-results/multiqc_report_data
[2023-05-02 16:35:31,241] multiqc                                            [DEBUG  ]  Moving data file from '/tmp/tmp1j5qlcn9/multiqc_data' to '/cancer/storage/SAGC/fastq/SAGCQA0635/QC-results/multiqc_report_data'
[2023-05-02 16:35:31,885] multiqc                                            [INFO   ]  MultiQC complete
