[2023-06-09 22:21:16,060] multiqc                                            [DEBUG  ]  This is MultiQC v1.14
[2023-06-09 22:21:16,060] multiqc                                            [DEBUG  ]  Command used: /home/steviep/mambaforge/envs/multiqc/bin/multiqc -l r2.txt -n output/qc/R2_multiqc_report
[2023-06-09 22:21:16,596] multiqc                                            [DEBUG  ]  Latest MultiQC version is v1.14
[2023-06-09 22:21:16,596] multiqc                                            [DEBUG  ]  Working dir : /home/steviep/github/20230524_Comerford_CITESeq
[2023-06-09 22:21:16,596] multiqc                                            [DEBUG  ]  Template    : default
[2023-06-09 22:21:16,596] multiqc                                            [DEBUG  ]  Running Python 3.11.3 | packaged by conda-forge | (main, Apr  6 2023, 08:57:19) [GCC 11.3.0]
[2023-06-09 22:21:16,597] multiqc                                            [DEBUG  ]  Analysing modules: custom_content, ccs, ngsderive, purple, conpair, lima, peddy, somalier, methylQA, mosdepth, phantompeakqualtools, qualimap, preseq, hifiasm, quast, qorts, rna_seqc, rockhopper, rsem, rseqc, busco, bustools, goleft_indexcov, gffcompare, disambiguate, supernova, deeptools, sargasso, verifybamid, mirtrace, happy, mirtop, sambamba, gopeaks, homer, hops, macs2, theta2, snpeff, gatk, htseq, bcftools, featureCounts, fgbio, dragen, dragen_fastqc, dedup, pbmarkdup, damageprofiler, biobambam2, jcvi, mtnucratio, picard, vep, sentieon, prokka, qc3C, nanostat, samblaster, samtools, sexdeterrmine, eigenstratdatabasetools, bamtools, jellyfish, vcftools, longranger, stacks, varscan2, snippy, umitools, bbmap, bismark, biscuit, diamond, hicexplorer, hicup, hicpro, salmon, kallisto, slamdunk, star, hisat2, tophat, bowtie2, bowtie1, cellranger, snpsplit, odgi, pangolin, nextclade, humid, kat, leehom, adapterRemoval, bbduk, clipandmerge, cutadapt, flexbar, kaiju, kraken, malt, motus, trimmomatic, sickle, skewer, sortmerna, biobloomtools, fastq_screen, afterqc, fastp, fastqc, filtlong, prinseqplusplus, pychopper, porechop, pycoqc, minionqc, anglerfish, multivcfanalyzer, clusterflow, checkqc, bcl2fastq, bclconvert, interop, ivar, flash, seqyclean, optitype, whatshap
[2023-06-09 22:21:16,597] multiqc                                            [DEBUG  ]  Using temporary directory for creating report: /tmp/tmpo6qfoy6z
[2023-06-09 22:21:16,642] multiqc                                            [INFO   ]  Search path : /home/steviep/github/20230524_Comerford_CITESeq/output/qc/fastqc/AGRF_CAGRF230414406_HCNYTDRX3/23-00584_HCNYTDRX3_CACTACGAAA-ATCAGTCTAA_L001_R2_fastqc.zip
[2023-06-09 22:21:16,642] multiqc                                            [INFO   ]  Search path : /home/steviep/github/20230524_Comerford_CITESeq/output/qc/fastqc/AGRF_CAGRF230414406_HCNYTDRX3/23-00584_HCNYTDRX3_CACTACGAAA-ATCAGTCTAA_L002_R2_fastqc.zip
[2023-06-09 22:21:16,642] multiqc                                            [INFO   ]  Search path : /home/steviep/github/20230524_Comerford_CITESeq/output/qc/fastqc/AGRF_CAGRF230414406_HCNYTDRX3/23-00585_HCNYTDRX3_ATTTACCGCA-CTTTATTGTC_L001_R2_fastqc.zip
[2023-06-09 22:21:16,642] multiqc                                            [INFO   ]  Search path : /home/steviep/github/20230524_Comerford_CITESeq/output/qc/fastqc/AGRF_CAGRF230414406_HCNYTDRX3/23-00585_HCNYTDRX3_ATTTACCGCA-CTTTATTGTC_L002_R2_fastqc.zip
[2023-06-09 22:21:16,651] multiqc                                            [DEBUG  ]  Summary of files that were skipped by the search: []
[2023-06-09 22:21:18,275] multiqc.plots.bargraph                             [DEBUG  ]  Using matplotlib version 3.7.1
[2023-06-09 22:21:18,275] multiqc.plots.linegraph                            [DEBUG  ]  Using matplotlib version 3.7.1
[2023-06-09 22:21:18,276] multiqc                                            [DEBUG  ]  No samples found: custom_content
[2023-06-09 22:21:18,336] multiqc.modules.fastqc.fastqc                      [INFO   ]  Found 4 reports
[2023-06-09 22:21:18,366] multiqc                                            [INFO   ]  Compressing plot data
[2023-06-09 22:21:18,392] multiqc                                            [INFO   ]  Report      : output/qc/R2_multiqc_report.html
[2023-06-09 22:21:18,392] multiqc                                            [INFO   ]  Data        : output/qc/R2_multiqc_report_data
[2023-06-09 22:21:18,393] multiqc                                            [DEBUG  ]  Moving data file from '/tmp/tmpo6qfoy6z/multiqc_data' to '/home/steviep/github/20230524_Comerford_CITESeq/output/qc/R2_multiqc_report_data'
[2023-06-09 22:21:18,443] multiqc                                            [INFO   ]  MultiQC complete
